This file contains any messages produced by compilers while
running configure, to aid debugging if configure makes a mistake.

It was created by httpd configure 1.0, which was
generated by GNU Autoconf 2.69.  Invocation command line was

  $ ./configure 

## --------- ##
## Platform. ##
## --------- ##

hostname = aluminium.local
uname -m = x86_64
uname -r = 12.1.0
uname -s = Darwin
uname -v = Darwin Kernel Version 12.1.0: Tue Aug 14 13:29:55 PDT 2012; root:xnu-2050.9.2~1/RELEASE_X86_64

/usr/bin/uname -p = i386
/bin/uname -X     = unknown

/bin/arch              = unknown
/usr/bin/arch -k       = unknown
/usr/convex/getsysinfo = unknown
/usr/bin/hostinfo      = Mach kernel version:
	 Darwin Kernel Version 12.1.0: Tue Aug 14 13:29:55 PDT 2012; root:xnu-2050.9.2~1/RELEASE_X86_64
Kernel configured for up to 4 processors.
2 processors are physically available.
4 processors are logically available.
Processor type: i486 (Intel 80486)
Processors active: 0 1 2 3
Primary memory available: 8.00 gigabytes
Default processor set: 147 tasks, 670 threads, 4 processors
Load average: 3.21, Mach factor: 1.16
/bin/machine           = unknown
/usr/bin/oslevel       = unknown
/bin/universe          = unknown

PATH: /usr/local/git/bin
PATH: /usr/local/maven/bin
PATH: /usr/local/apache-ant/bin
PATH: /Users/jdrichar/.rvm/gems/ruby-1.9.2-p180/bin
PATH: /Users/jdrichar/.rvm/gems/ruby-1.9.2-p180@global/bin
PATH: /Users/jdrichar/.rvm/rubies/ruby-1.9.2-p180/bin
PATH: /Users/jdrichar/.rvm/bin
PATH: /usr/bin
PATH: /bin
PATH: /usr/sbin
PATH: /sbin
PATH: /usr/local/bin


## ----------- ##
## Core tests. ##
## ----------- ##

configure:1824: checking for a BSD-compatible install
configure:1892: result: /usr/bin/install -c
configure:1903: checking whether build environment is sane
configure:1958: result: yes
configure:2109: checking for a thread-safe mkdir -p
configure:2148: result: ./install-sh -c -d
configure:2155: checking for gawk
configure:2185: result: no
configure:2155: checking for mawk
configure:2185: result: no
configure:2155: checking for nawk
configure:2185: result: no
configure:2155: checking for awk
configure:2171: found /usr/bin/awk
configure:2182: result: awk
configure:2193: checking whether make sets $(MAKE)
configure:2215: result: yes
configure:2349: checking for gcc
configure:2365: found /usr/bin/gcc
configure:2376: result: gcc
configure:2605: checking for C compiler version
configure:2614: gcc --version >&5
i686-apple-darwin11-llvm-gcc-4.2 (GCC) 4.2.1 (Based on Apple Inc. build 5658) (LLVM build 2336.11.00)
Copyright (C) 2007 Free Software Foundation, Inc.
This is free software; see the source for copying conditions.  There is NO
warranty; not even for MERCHANTABILITY or FITNESS FOR A PARTICULAR PURPOSE.

configure:2625: $? = 0
configure:2614: gcc -v >&5
Using built-in specs.
Target: i686-apple-darwin11
Configured with: /private/var/tmp/llvmgcc42/llvmgcc42-2336.11~28/src/configure --disable-checking --enable-werror --prefix=/Applications/Xcode.app/Contents/Developer/usr/llvm-gcc-4.2 --mandir=/share/man --enable-languages=c,objc,c++,obj-c++ --program-prefix=llvm- --program-transform-name=/^[cg][^.-]*$/s/$/-4.2/ --with-slibdir=/usr/lib --build=i686-apple-darwin11 --enable-llvm=/private/var/tmp/llvmgcc42/llvmgcc42-2336.11~28/dst-llvmCore/Developer/usr/local --program-prefix=i686-apple-darwin11- --host=x86_64-apple-darwin11 --target=i686-apple-darwin11 --with-gxx-include-dir=/usr/include/c++/4.2.1
Thread model: posix
gcc version 4.2.1 (Based on Apple Inc. build 5658) (LLVM build 2336.11.00)
configure:2625: $? = 0
configure:2614: gcc -V >&5
llvm-gcc-4.2: argument to `-V' is missing
configure:2625: $? = 1
configure:2614: gcc -qversion >&5
i686-apple-darwin11-llvm-gcc-4.2: no input files
configure:2625: $? = 1
configure:2645: checking whether the C compiler works
configure:2667: gcc    conftest.c  >&5
configure:2671: $? = 0
configure:2719: result: yes
configure:2722: checking for C compiler default output file name
configure:2724: result: a.out
configure:2730: checking for suffix of executables
configure:2737: gcc -o conftest    conftest.c  >&5
configure:2741: $? = 0
configure:2763: result: 
configure:2785: checking whether we are cross compiling
configure:2793: gcc -o conftest    conftest.c  >&5
configure:2797: $? = 0
configure:2804: ./conftest
configure:2808: $? = 0
configure:2823: result: no
configure:2828: checking for suffix of object files
configure:2850: gcc -c   conftest.c >&5
configure:2854: $? = 0
configure:2875: result: o
configure:2879: checking whether we are using the GNU C compiler
configure:2898: gcc -c   conftest.c >&5
configure:2898: $? = 0
configure:2907: result: yes
configure:2916: checking whether gcc accepts -g
configure:2936: gcc -c -g  conftest.c >&5
configure:2936: $? = 0
configure:2977: result: yes
configure:2994: checking for gcc option to accept ISO C89
configure:3057: gcc  -c -g -O2  conftest.c >&5
configure:3057: $? = 0
configure:3070: result: none needed
configure:3101: checking for style of include used by make
configure:3129: result: GNU
configure:3155: checking dependency style of gcc
configure:3266: result: gcc3
configure:3282: checking whether gcc and cc understand -c and -o together
configure:3313: gcc -c conftest.c -o conftest2.o >&5
configure:3317: $? = 0
configure:3323: gcc -c conftest.c -o conftest2.o >&5
configure:3327: $? = 0
configure:3338: cc -c conftest.c >&5
configure:3342: $? = 0
configure:3350: cc -c conftest.c -o conftest2.o >&5
configure:3354: $? = 0
configure:3360: cc -c conftest.c -o conftest2.o >&5
configure:3364: $? = 0
configure:3382: result: yes
configure:3520: checking that generated files are newer than configure
configure:3526: result: done
configure:3549: creating ./config.status

## ---------------------- ##
## Running config.status. ##
## ---------------------- ##

This file was extended by httpd config.status 1.0, which was
generated by GNU Autoconf 2.69.  Invocation command line was

  CONFIG_FILES    = 
  CONFIG_HEADERS  = 
  CONFIG_LINKS    = 
  CONFIG_COMMANDS = 
  $ ./config.status 

on aluminium.local

config.status:837: creating Makefile
config.status:837: creating src/Makefile
config.status:837: creating test/Makefile
config.status:837: creating config.h
config.status:1018: config.h is unchanged
config.status:1066: executing depfiles commands

## ---------------- ##
## Cache variables. ##
## ---------------- ##

ac_cv_c_compiler_gnu=yes
ac_cv_env_CC_set=
ac_cv_env_CC_value=
ac_cv_env_CFLAGS_set=
ac_cv_env_CFLAGS_value=
ac_cv_env_CPPFLAGS_set=
ac_cv_env_CPPFLAGS_value=
ac_cv_env_LDFLAGS_set=
ac_cv_env_LDFLAGS_value=
ac_cv_env_LIBS_set=
ac_cv_env_LIBS_value=
ac_cv_env_build_alias_set=
ac_cv_env_build_alias_value=
ac_cv_env_host_alias_set=
ac_cv_env_host_alias_value=
ac_cv_env_target_alias_set=
ac_cv_env_target_alias_value=
ac_cv_objext=o
ac_cv_path_install='/usr/bin/install -c'
ac_cv_prog_AWK=awk
ac_cv_prog_ac_ct_CC=gcc
ac_cv_prog_cc_c89=
ac_cv_prog_cc_g=yes
ac_cv_prog_cc_gcc_c_o=yes
ac_cv_prog_make_make_set=yes
am_cv_CC_dependencies_compiler_type=gcc3

## ----------------- ##
## Output variables. ##
## ----------------- ##

ACLOCAL='${SHELL} /Users/jdrichar/src/ncsa_httpd/missing --run aclocal-1.12'
AMDEPBACKSLASH='\'
AMDEP_FALSE='#'
AMDEP_TRUE=''
AMTAR='$${TAR-tar}'
AUTOCONF='${SHELL} /Users/jdrichar/src/ncsa_httpd/missing --run autoconf'
AUTOHEADER='${SHELL} /Users/jdrichar/src/ncsa_httpd/missing --run autoheader'
AUTOMAKE='${SHELL} /Users/jdrichar/src/ncsa_httpd/missing --run automake-1.12'
AWK='awk'
CC='gcc'
CCDEPMODE='depmode=gcc3'
CFLAGS='-g -O2'
CPPFLAGS=''
CYGPATH_W='echo'
DEFS='-DHAVE_CONFIG_H'
DEPDIR='.deps'
ECHO_C='\c'
ECHO_N=''
ECHO_T=''
EXEEXT=''
INSTALL_DATA='${INSTALL} -m 644'
INSTALL_PROGRAM='${INSTALL}'
INSTALL_SCRIPT='${INSTALL}'
INSTALL_STRIP_PROGRAM='$(install_sh) -c -s'
LDFLAGS=''
LIBOBJS=''
LIBS=''
LTLIBOBJS=''
MAKEINFO='${SHELL} /Users/jdrichar/src/ncsa_httpd/missing --run makeinfo'
MKDIR_P='./install-sh -c -d'
OBJEXT='o'
PACKAGE='httpd'
PACKAGE_BUGREPORT='jrichardson@ncsasports.org'
PACKAGE_NAME='httpd'
PACKAGE_STRING='httpd 1.0'
PACKAGE_TARNAME='httpd'
PACKAGE_URL=''
PACKAGE_VERSION='1.0'
PATH_SEPARATOR=':'
SET_MAKE=''
SHELL='/bin/sh'
STRIP=''
VERSION='1.0'
ac_ct_CC='gcc'
am__EXEEXT_FALSE=''
am__EXEEXT_TRUE='#'
am__fastdepCC_FALSE='#'
am__fastdepCC_TRUE=''
am__include='include'
am__isrc=''
am__leading_dot='.'
am__nodep='_no'
am__quote=''
am__tar='$${TAR-tar} chof - "$$tardir"'
am__untar='$${TAR-tar} xf -'
bindir='${exec_prefix}/bin'
build_alias=''
datadir='${datarootdir}'
datarootdir='${prefix}/share'
docdir='${datarootdir}/doc/${PACKAGE_TARNAME}'
dvidir='${docdir}'
exec_prefix='${prefix}'
host_alias=''
htmldir='${docdir}'
includedir='${prefix}/include'
infodir='${datarootdir}/info'
install_sh='${SHELL} /Users/jdrichar/src/ncsa_httpd/install-sh'
libdir='${exec_prefix}/lib'
libexecdir='${exec_prefix}/libexec'
localedir='${datarootdir}/locale'
localstatedir='${prefix}/var'
mandir='${datarootdir}/man'
mkdir_p='$(MKDIR_P)'
oldincludedir='/usr/include'
pdfdir='${docdir}'
prefix='/usr/local'
program_transform_name='s,x,x,'
psdir='${docdir}'
sbindir='${exec_prefix}/sbin'
sharedstatedir='${prefix}/com'
sysconfdir='${prefix}/etc'
target_alias=''

## ----------- ##
## confdefs.h. ##
## ----------- ##

/* confdefs.h */
#define PACKAGE_NAME "httpd"
#define PACKAGE_TARNAME "httpd"
#define PACKAGE_VERSION "1.0"
#define PACKAGE_STRING "httpd 1.0"
#define PACKAGE_BUGREPORT "jrichardson@ncsasports.org"
#define PACKAGE_URL ""
#define PACKAGE "httpd"
#define VERSION "1.0"

configure: exit 0
